2023-11-30 13:36:14,594 - root - INFO - ***************** Homepage Title *******************
2023-11-30 13:36:14,594 - root - INFO - ***************** Verifying Homepage Title ****************
2023-11-30 13:37:27,832 - root - INFO - ***************** Homepage Title *******************
2023-11-30 13:37:27,833 - root - INFO - ***************** Verifying Homepage Title ****************
2023-11-30 13:40:36,008 - root - INFO - ***************** Homepage Title *******************
2023-11-30 13:40:36,009 - root - INFO - ***************** Verifying Homepage Title ****************
2023-11-30 13:40:39,939 - root - INFO - ************* Passed ************
2023-11-30 13:41:30,381 - root - INFO - ***************** Homepage Title *******************
2023-11-30 13:41:30,382 - root - INFO - ***************** Verifying Homepage Title ****************
2023-11-30 13:41:31,453 - root - ERROR - ************* Failed ***********
2023-11-30 13:42:04,147 - root - INFO - ***************** Homepage Title *******************
2023-11-30 13:42:04,147 - root - INFO - ***************** Verifying Homepage Title ****************
2023-11-30 13:42:08,093 - root - INFO - ************* Passed ************
2023-11-30 13:54:53,523 - root - INFO - ***************** Homepage Title *******************
2023-11-30 13:54:53,523 - root - INFO - ***************** Verifying Homepage Title ****************
2023-11-30 13:54:56,947 - root - INFO - ************* Passed ************
2023-11-30 14:20:22,495 - root - INFO - ***************** Homepage Title *******************
2023-11-30 14:20:22,496 - root - INFO - ***************** Verifying Homepage Title ****************
2023-11-30 14:20:26,563 - root - INFO - ************* Passed ************
2023-11-30 14:20:42,694 - root - INFO - ***************** Homepage Title *******************
2023-11-30 14:20:42,695 - root - INFO - ***************** Verifying Homepage Title ****************
2023-11-30 14:20:46,271 - root - INFO - ************* Passed ************
2023-11-30 14:35:19,112 - root - INFO - ***************** Homepage Title *******************
2023-11-30 14:35:19,113 - root - INFO - ***************** Verifying Homepage Title ****************
2023-11-30 14:35:22,795 - root - INFO - ************* Passed ************
2023-11-30 14:37:12,417 - root - INFO - ***************** Homepage Title *******************
2023-11-30 14:37:12,418 - root - INFO - ***************** Verifying Homepage Title ****************
2023-11-30 14:37:16,372 - root - INFO - ************* Passed ************
2023-11-30 14:39:55,393 - root - INFO - ***************** Homepage Title *******************
2023-11-30 14:39:55,396 - root - INFO - ***************** Verifying Homepage Title ****************
2023-11-30 14:39:59,557 - root - INFO - ************* Passed ************
2023-11-30 14:44:59,886 - root - INFO - ***************** Homepage Title *******************
2023-11-30 14:44:59,886 - root - INFO - ***************** Verifying Homepage Title ****************
2023-11-30 14:45:03,797 - root - INFO - ************* Passed ************
2023-11-30 16:40:42,617 - root - INFO - ********** Test 002 DDT ***********
2023-11-30 16:42:30,324 - root - INFO - ********** Test 002 DDT ***********
2023-11-30 16:43:08,671 - root - INFO - ********** Test 002 DDT ***********
2023-11-30 16:44:03,066 - root - INFO - ********** Test 002 DDT ***********
2023-11-30 16:44:32,995 - root - INFO - ********** Test 002 DDT ***********
2023-11-30 16:44:39,583 - root - INFO - Passed....
2023-11-30 16:44:39,584 - root - INFO - *********DDT Login Test Passed Successfully.......***********
2023-11-30 16:46:29,548 - root - INFO - ********** Test 002 DDT ***********
2023-11-30 16:46:36,667 - root - INFO - Passed....
2023-11-30 16:46:36,667 - root - INFO - *********DDT Login Test Passed Successfully.......***********
2023-11-30 16:47:20,477 - root - INFO - ********** Test 002 DDT ***********
2023-11-30 16:47:27,889 - root - INFO - Passed....
2023-11-30 16:47:27,891 - root - INFO - *********DDT Login Test Passed Successfully.......***********
2023-11-30 16:51:07,032 - root - INFO - ********** Test 002 DDT ***********
2023-11-30 16:52:56,269 - root - INFO - ********** Test 002 DDT ***********
2023-11-30 16:53:04,670 - root - INFO - Passed....
2023-11-30 16:53:04,672 - root - INFO - *********DDT Login Test Passed Successfully.......***********
2023-11-30 16:55:29,314 - root - INFO - ********** Test 002 DDT ***********
2023-11-30 16:55:38,821 - root - INFO - Passed...
2023-11-30 16:56:15,215 - root - INFO - ********** Test 002 DDT ***********
2023-11-30 16:56:24,910 - root - INFO - Passed...
2023-11-30 16:59:15,409 - root - INFO - ********** Test 002 DDT ***********
2023-11-30 16:59:24,983 - root - INFO - Passed...
2023-11-30 17:00:09,295 - root - INFO - ********** Test 002 DDT ***********
2023-11-30 17:00:18,771 - root - INFO - Passed...
2023-11-30 17:00:36,656 - root - INFO - ********** Test 002 DDT ***********
2023-11-30 17:00:46,927 - root - INFO - Passed...
2023-11-30 17:04:23,485 - root - INFO - ********** Test 002 DDT ***********
2023-11-30 17:04:33,139 - root - INFO - Passed...
2023-11-30 17:04:40,439 - root - INFO - Passed....
2023-11-30 17:04:46,191 - root - INFO - Passed....
2023-11-30 17:04:51,876 - root - INFO - Passed....
2023-11-30 17:04:51,877 - root - INFO - *********DDT Login Test Passed Successfully.......***********
2023-11-30 17:05:17,692 - root - INFO - ********** Test 002 DDT ***********
2023-11-30 17:05:26,236 - root - INFO - Passed...
2023-11-30 17:05:33,302 - root - INFO - Passed....
2023-11-30 17:05:38,909 - root - INFO - Passed....
2023-11-30 17:05:44,549 - root - INFO - Passed....
2023-11-30 17:05:44,549 - root - INFO - *********DDT Login Test Passed Successfully.......***********
2023-12-01 17:51:47,170 - root - INFO - ********** Test 002 DDT ***********
2023-12-01 17:51:58,320 - root - INFO - Passed...
2023-12-01 17:52:06,161 - root - INFO - Passed....
2023-12-01 17:52:12,164 - root - INFO - Passed....
2023-12-01 17:52:18,186 - root - INFO - Passed....
2023-12-01 17:52:18,187 - root - INFO - *********DDT Login Test Passed Successfully.......***********
